c:\users\user1\source\repos\consoleapplication3\consoleapplication3\debug\mp1.pch
c:\users\user1\source\repos\consoleapplication3\consoleapplication3\debug\vc141.pdb
c:\users\user1\source\repos\consoleapplication3\consoleapplication3\debug\vc141.idb
c:\users\user1\source\repos\consoleapplication3\consoleapplication3\debug\stdafx.obj
c:\users\user1\source\repos\consoleapplication3\consoleapplication3\debug\geometrycalc.obj
c:\users\user1\source\repos\consoleapplication3\consoleapplication3\debug\asdasd.obj
c:\users\user1\source\repos\consoleapplication3\debug\mp1.exe
c:\users\user1\source\repos\consoleapplication3\debug\mp1.ilk
c:\users\user1\source\repos\consoleapplication3\debug\mp1.pdb
c:\users\user1\source\repos\consoleapplication3\consoleapplication3\debug\asdf.obj
c:\users\user1\source\repos\consoleapplication3\consoleapplication3\debug\consoleapplication3.obj
c:\users\user1\source\repos\consoleapplication3\consoleapplication3\debug\consoleapplication3.pch
c:\users\user1\source\repos\consoleapplication3\consoleapplication3\debug\mp1.tlog\cl.command.1.tlog
c:\users\user1\source\repos\consoleapplication3\consoleapplication3\debug\mp1.tlog\cl.read.1.tlog
c:\users\user1\source\repos\consoleapplication3\consoleapplication3\debug\mp1.tlog\cl.write.1.tlog
c:\users\user1\source\repos\consoleapplication3\consoleapplication3\debug\mp1.tlog\link-cvtres.read.1.tlog
c:\users\user1\source\repos\consoleapplication3\consoleapplication3\debug\mp1.tlog\link-cvtres.write.1.tlog
c:\users\user1\source\repos\consoleapplication3\consoleapplication3\debug\mp1.tlog\link-rc.read.1.tlog
c:\users\user1\source\repos\consoleapplication3\consoleapplication3\debug\mp1.tlog\link-rc.write.1.tlog
c:\users\user1\source\repos\consoleapplication3\consoleapplication3\debug\mp1.tlog\link.8212-cvtres.read.1.tlog
c:\users\user1\source\repos\consoleapplication3\consoleapplication3\debug\mp1.tlog\link.8212-cvtres.write.1.tlog
c:\users\user1\source\repos\consoleapplication3\consoleapplication3\debug\mp1.tlog\link.8212-rc.read.1.tlog
c:\users\user1\source\repos\consoleapplication3\consoleapplication3\debug\mp1.tlog\link.8212-rc.write.1.tlog
c:\users\user1\source\repos\consoleapplication3\consoleapplication3\debug\mp1.tlog\link.8212.read.1.tlog
c:\users\user1\source\repos\consoleapplication3\consoleapplication3\debug\mp1.tlog\link.8212.write.1.tlog
c:\users\user1\source\repos\consoleapplication3\consoleapplication3\debug\mp1.tlog\link.command.1.tlog
c:\users\user1\source\repos\consoleapplication3\consoleapplication3\debug\mp1.tlog\link.read.1.tlog
c:\users\user1\source\repos\consoleapplication3\consoleapplication3\debug\mp1.tlog\link.write.1.tlog
